0 info it worked if it ends with ok
1 verbose cli [ 'node', '/usr/bin/npm', 'install' ]
2 info using npm@1.3.5
3 info using node@v0.10.15
4 verbose node symlink /usr/bin/node
5 warn package.json testoct@0.0.0 No description
6 warn package.json testoct@0.0.0 No repository field.
7 warn package.json testoct@0.0.0 No README data
8 verbose readDependencies using package.json deps
9 verbose install where, deps [ '/home/irbis/app/testOct',
9 verbose install   [ 'grunt',
9 verbose install     'grunt-contrib-copy',
9 verbose install     'grunt-contrib-concat',
9 verbose install     'grunt-contrib-uglify',
9 verbose install     'grunt-contrib-compass',
9 verbose install     'grunt-contrib-jshint',
9 verbose install     'grunt-contrib-cssmin',
9 verbose install     'grunt-contrib-connect',
9 verbose install     'grunt-contrib-clean',
9 verbose install     'grunt-contrib-htmlmin',
9 verbose install     'grunt-bower-install',
9 verbose install     'grunt-contrib-imagemin',
9 verbose install     'grunt-contrib-watch',
9 verbose install     'grunt-rev',
9 verbose install     'grunt-autoprefixer',
9 verbose install     'grunt-usemin',
9 verbose install     'grunt-mocha',
9 verbose install     'grunt-svgmin',
9 verbose install     'grunt-concurrent',
9 verbose install     'load-grunt-tasks',
9 verbose install     'time-grunt' ] ]
10 info preinstall testoct@0.0.0
11 verbose readDependencies using package.json deps
12 verbose cache add [ 'grunt@~0.4.1', null ]
13 verbose cache add name=undefined spec="grunt@~0.4.1" args=["grunt@~0.4.1",null]
14 verbose parsed url { protocol: null,
14 verbose parsed url   slashes: null,
14 verbose parsed url   auth: null,
14 verbose parsed url   host: null,
14 verbose parsed url   port: null,
14 verbose parsed url   hostname: null,
14 verbose parsed url   hash: null,
14 verbose parsed url   search: null,
14 verbose parsed url   query: null,
14 verbose parsed url   pathname: 'grunt@~0.4.1',
14 verbose parsed url   path: 'grunt@~0.4.1',
14 verbose parsed url   href: 'grunt@~0.4.1' }
15 verbose cache add name="grunt" spec="~0.4.1" args=["grunt","~0.4.1"]
16 verbose parsed url { protocol: null,
16 verbose parsed url   slashes: null,
16 verbose parsed url   auth: null,
16 verbose parsed url   host: null,
16 verbose parsed url   port: null,
16 verbose parsed url   hostname: null,
16 verbose parsed url   hash: null,
16 verbose parsed url   search: null,
16 verbose parsed url   query: null,
16 verbose parsed url   pathname: '~0.4.1',
16 verbose parsed url   path: '~0.4.1',
16 verbose parsed url   href: '~0.4.1' }
17 verbose addNamed [ 'grunt', '~0.4.1' ]
18 verbose addNamed [ null, '>=0.4.1-0 <0.5.0-0' ]
19 verbose cache add [ 'grunt-contrib-copy@~0.4.1', null ]
20 verbose cache add name=undefined spec="grunt-contrib-copy@~0.4.1" args=["grunt-contrib-copy@~0.4.1",null]
21 verbose parsed url { protocol: null,
21 verbose parsed url   slashes: null,
21 verbose parsed url   auth: null,
21 verbose parsed url   host: null,
21 verbose parsed url   port: null,
21 verbose parsed url   hostname: null,
21 verbose parsed url   hash: null,
21 verbose parsed url   search: null,
21 verbose parsed url   query: null,
21 verbose parsed url   pathname: 'grunt-contrib-copy@~0.4.1',
21 verbose parsed url   path: 'grunt-contrib-copy@~0.4.1',
21 verbose parsed url   href: 'grunt-contrib-copy@~0.4.1' }
22 verbose cache add name="grunt-contrib-copy" spec="~0.4.1" args=["grunt-contrib-copy","~0.4.1"]
23 verbose parsed url { protocol: null,
23 verbose parsed url   slashes: null,
23 verbose parsed url   auth: null,
23 verbose parsed url   host: null,
23 verbose parsed url   port: null,
23 verbose parsed url   hostname: null,
23 verbose parsed url   hash: null,
23 verbose parsed url   search: null,
23 verbose parsed url   query: null,
23 verbose parsed url   pathname: '~0.4.1',
23 verbose parsed url   path: '~0.4.1',
23 verbose parsed url   href: '~0.4.1' }
24 verbose addNamed [ 'grunt-contrib-copy', '~0.4.1' ]
25 verbose addNamed [ null, '>=0.4.1-0 <0.5.0-0' ]
26 verbose cache add [ 'grunt-contrib-uglify@~0.2.0', null ]
27 verbose cache add name=undefined spec="grunt-contrib-uglify@~0.2.0" args=["grunt-contrib-uglify@~0.2.0",null]
28 verbose parsed url { protocol: null,
28 verbose parsed url   slashes: null,
28 verbose parsed url   auth: null,
28 verbose parsed url   host: null,
28 verbose parsed url   port: null,
28 verbose parsed url   hostname: null,
28 verbose parsed url   hash: null,
28 verbose parsed url   search: null,
28 verbose parsed url   query: null,
28 verbose parsed url   pathname: 'grunt-contrib-uglify@~0.2.0',
28 verbose parsed url   path: 'grunt-contrib-uglify@~0.2.0',
28 verbose parsed url   href: 'grunt-contrib-uglify@~0.2.0' }
29 verbose cache add name="grunt-contrib-uglify" spec="~0.2.0" args=["grunt-contrib-uglify","~0.2.0"]
30 verbose parsed url { protocol: null,
30 verbose parsed url   slashes: null,
30 verbose parsed url   auth: null,
30 verbose parsed url   host: null,
30 verbose parsed url   port: null,
30 verbose parsed url   hostname: null,
30 verbose parsed url   hash: null,
30 verbose parsed url   search: null,
30 verbose parsed url   query: null,
30 verbose parsed url   pathname: '~0.2.0',
30 verbose parsed url   path: '~0.2.0',
30 verbose parsed url   href: '~0.2.0' }
31 verbose addNamed [ 'grunt-contrib-uglify', '~0.2.0' ]
32 verbose addNamed [ null, '>=0.2.0-0 <0.3.0-0' ]
33 verbose cache add [ 'grunt-contrib-concat@~0.3.0', null ]
34 verbose cache add name=undefined spec="grunt-contrib-concat@~0.3.0" args=["grunt-contrib-concat@~0.3.0",null]
35 verbose parsed url { protocol: null,
35 verbose parsed url   slashes: null,
35 verbose parsed url   auth: null,
35 verbose parsed url   host: null,
35 verbose parsed url   port: null,
35 verbose parsed url   hostname: null,
35 verbose parsed url   hash: null,
35 verbose parsed url   search: null,
35 verbose parsed url   query: null,
35 verbose parsed url   pathname: 'grunt-contrib-concat@~0.3.0',
35 verbose parsed url   path: 'grunt-contrib-concat@~0.3.0',
35 verbose parsed url   href: 'grunt-contrib-concat@~0.3.0' }
36 verbose cache add name="grunt-contrib-concat" spec="~0.3.0" args=["grunt-contrib-concat","~0.3.0"]
37 verbose parsed url { protocol: null,
37 verbose parsed url   slashes: null,
37 verbose parsed url   auth: null,
37 verbose parsed url   host: null,
37 verbose parsed url   port: null,
37 verbose parsed url   hostname: null,
37 verbose parsed url   hash: null,
37 verbose parsed url   search: null,
37 verbose parsed url   query: null,
37 verbose parsed url   pathname: '~0.3.0',
37 verbose parsed url   path: '~0.3.0',
37 verbose parsed url   href: '~0.3.0' }
38 verbose addNamed [ 'grunt-contrib-concat', '~0.3.0' ]
39 verbose addNamed [ null, '>=0.3.0-0 <0.4.0-0' ]
40 verbose cache add [ 'grunt-contrib-compass@~0.5.0', null ]
41 verbose cache add name=undefined spec="grunt-contrib-compass@~0.5.0" args=["grunt-contrib-compass@~0.5.0",null]
42 verbose parsed url { protocol: null,
42 verbose parsed url   slashes: null,
42 verbose parsed url   auth: null,
42 verbose parsed url   host: null,
42 verbose parsed url   port: null,
42 verbose parsed url   hostname: null,
42 verbose parsed url   hash: null,
42 verbose parsed url   search: null,
42 verbose parsed url   query: null,
42 verbose parsed url   pathname: 'grunt-contrib-compass@~0.5.0',
42 verbose parsed url   path: 'grunt-contrib-compass@~0.5.0',
42 verbose parsed url   href: 'grunt-contrib-compass@~0.5.0' }
43 verbose cache add name="grunt-contrib-compass" spec="~0.5.0" args=["grunt-contrib-compass","~0.5.0"]
44 verbose parsed url { protocol: null,
44 verbose parsed url   slashes: null,
44 verbose parsed url   auth: null,
44 verbose parsed url   host: null,
44 verbose parsed url   port: null,
44 verbose parsed url   hostname: null,
44 verbose parsed url   hash: null,
44 verbose parsed url   search: null,
44 verbose parsed url   query: null,
44 verbose parsed url   pathname: '~0.5.0',
44 verbose parsed url   path: '~0.5.0',
44 verbose parsed url   href: '~0.5.0' }
45 verbose addNamed [ 'grunt-contrib-compass', '~0.5.0' ]
46 verbose addNamed [ null, '>=0.5.0-0 <0.6.0-0' ]
47 verbose cache add [ 'grunt-contrib-jshint@~0.6.3', null ]
48 verbose cache add name=undefined spec="grunt-contrib-jshint@~0.6.3" args=["grunt-contrib-jshint@~0.6.3",null]
49 verbose parsed url { protocol: null,
49 verbose parsed url   slashes: null,
49 verbose parsed url   auth: null,
49 verbose parsed url   host: null,
49 verbose parsed url   port: null,
49 verbose parsed url   hostname: null,
49 verbose parsed url   hash: null,
49 verbose parsed url   search: null,
49 verbose parsed url   query: null,
49 verbose parsed url   pathname: 'grunt-contrib-jshint@~0.6.3',
49 verbose parsed url   path: 'grunt-contrib-jshint@~0.6.3',
49 verbose parsed url   href: 'grunt-contrib-jshint@~0.6.3' }
50 verbose cache add name="grunt-contrib-jshint" spec="~0.6.3" args=["grunt-contrib-jshint","~0.6.3"]
51 verbose parsed url { protocol: null,
51 verbose parsed url   slashes: null,
51 verbose parsed url   auth: null,
51 verbose parsed url   host: null,
51 verbose parsed url   port: null,
51 verbose parsed url   hostname: null,
51 verbose parsed url   hash: null,
51 verbose parsed url   search: null,
51 verbose parsed url   query: null,
51 verbose parsed url   pathname: '~0.6.3',
51 verbose parsed url   path: '~0.6.3',
51 verbose parsed url   href: '~0.6.3' }
52 verbose addNamed [ 'grunt-contrib-jshint', '~0.6.3' ]
53 verbose addNamed [ null, '>=0.6.3-0 <0.7.0-0' ]
54 silly lockFile 766a3bd3-grunt-0-4-1 grunt@~0.4.1
55 verbose lock grunt@~0.4.1 /home/irbis/.npm/766a3bd3-grunt-0-4-1.lock
56 silly lockFile c84f658a-grunt-contrib-copy-0-4-1 grunt-contrib-copy@~0.4.1
57 verbose lock grunt-contrib-copy@~0.4.1 /home/irbis/.npm/c84f658a-grunt-contrib-copy-0-4-1.lock
58 verbose cache add [ 'grunt-contrib-cssmin@~0.6.0', null ]
59 verbose cache add name=undefined spec="grunt-contrib-cssmin@~0.6.0" args=["grunt-contrib-cssmin@~0.6.0",null]
60 verbose parsed url { protocol: null,
60 verbose parsed url   slashes: null,
60 verbose parsed url   auth: null,
60 verbose parsed url   host: null,
60 verbose parsed url   port: null,
60 verbose parsed url   hostname: null,
60 verbose parsed url   hash: null,
60 verbose parsed url   search: null,
60 verbose parsed url   query: null,
60 verbose parsed url   pathname: 'grunt-contrib-cssmin@~0.6.0',
60 verbose parsed url   path: 'grunt-contrib-cssmin@~0.6.0',
60 verbose parsed url   href: 'grunt-contrib-cssmin@~0.6.0' }
61 verbose cache add name="grunt-contrib-cssmin" spec="~0.6.0" args=["grunt-contrib-cssmin","~0.6.0"]
62 verbose parsed url { protocol: null,
62 verbose parsed url   slashes: null,
62 verbose parsed url   auth: null,
62 verbose parsed url   host: null,
62 verbose parsed url   port: null,
62 verbose parsed url   hostname: null,
62 verbose parsed url   hash: null,
62 verbose parsed url   search: null,
62 verbose parsed url   query: null,
62 verbose parsed url   pathname: '~0.6.0',
62 verbose parsed url   path: '~0.6.0',
62 verbose parsed url   href: '~0.6.0' }
63 verbose addNamed [ 'grunt-contrib-cssmin', '~0.6.0' ]
64 verbose addNamed [ null, '>=0.6.0-0 <0.7.0-0' ]
65 silly lockFile 681ad0ec-grunt-contrib-cssmin-0-6-0 grunt-contrib-cssmin@~0.6.0
66 verbose lock grunt-contrib-cssmin@~0.6.0 /home/irbis/.npm/681ad0ec-grunt-contrib-cssmin-0-6-0.lock
67 verbose cache add [ 'grunt-contrib-connect@~0.5.0', null ]
68 verbose cache add name=undefined spec="grunt-contrib-connect@~0.5.0" args=["grunt-contrib-connect@~0.5.0",null]
69 verbose parsed url { protocol: null,
69 verbose parsed url   slashes: null,
69 verbose parsed url   auth: null,
69 verbose parsed url   host: null,
69 verbose parsed url   port: null,
69 verbose parsed url   hostname: null,
69 verbose parsed url   hash: null,
69 verbose parsed url   search: null,
69 verbose parsed url   query: null,
69 verbose parsed url   pathname: 'grunt-contrib-connect@~0.5.0',
69 verbose parsed url   path: 'grunt-contrib-connect@~0.5.0',
69 verbose parsed url   href: 'grunt-contrib-connect@~0.5.0' }
70 verbose cache add name="grunt-contrib-connect" spec="~0.5.0" args=["grunt-contrib-connect","~0.5.0"]
71 verbose parsed url { protocol: null,
71 verbose parsed url   slashes: null,
71 verbose parsed url   auth: null,
71 verbose parsed url   host: null,
71 verbose parsed url   port: null,
71 verbose parsed url   hostname: null,
71 verbose parsed url   hash: null,
71 verbose parsed url   search: null,
71 verbose parsed url   query: null,
71 verbose parsed url   pathname: '~0.5.0',
71 verbose parsed url   path: '~0.5.0',
71 verbose parsed url   href: '~0.5.0' }
72 verbose addNamed [ 'grunt-contrib-connect', '~0.5.0' ]
73 verbose addNamed [ null, '>=0.5.0-0 <0.6.0-0' ]
74 silly lockFile bc7bae3b-grunt-contrib-connect-0-5-0 grunt-contrib-connect@~0.5.0
75 verbose lock grunt-contrib-connect@~0.5.0 /home/irbis/.npm/bc7bae3b-grunt-contrib-connect-0-5-0.lock
76 verbose cache add [ 'grunt-contrib-clean@~0.5.0', null ]
77 verbose cache add name=undefined spec="grunt-contrib-clean@~0.5.0" args=["grunt-contrib-clean@~0.5.0",null]
78 verbose parsed url { protocol: null,
78 verbose parsed url   slashes: null,
78 verbose parsed url   auth: null,
78 verbose parsed url   host: null,
78 verbose parsed url   port: null,
78 verbose parsed url   hostname: null,
78 verbose parsed url   hash: null,
78 verbose parsed url   search: null,
78 verbose parsed url   query: null,
78 verbose parsed url   pathname: 'grunt-contrib-clean@~0.5.0',
78 verbose parsed url   path: 'grunt-contrib-clean@~0.5.0',
78 verbose parsed url   href: 'grunt-contrib-clean@~0.5.0' }
79 verbose cache add name="grunt-contrib-clean" spec="~0.5.0" args=["grunt-contrib-clean","~0.5.0"]
80 verbose parsed url { protocol: null,
80 verbose parsed url   slashes: null,
80 verbose parsed url   auth: null,
80 verbose parsed url   host: null,
80 verbose parsed url   port: null,
80 verbose parsed url   hostname: null,
80 verbose parsed url   hash: null,
80 verbose parsed url   search: null,
80 verbose parsed url   query: null,
80 verbose parsed url   pathname: '~0.5.0',
80 verbose parsed url   path: '~0.5.0',
80 verbose parsed url   href: '~0.5.0' }
81 verbose addNamed [ 'grunt-contrib-clean', '~0.5.0' ]
82 verbose addNamed [ null, '>=0.5.0-0 <0.6.0-0' ]
83 silly lockFile 83f743bc-grunt-contrib-clean-0-5-0 grunt-contrib-clean@~0.5.0
84 verbose lock grunt-contrib-clean@~0.5.0 /home/irbis/.npm/83f743bc-grunt-contrib-clean-0-5-0.lock
85 verbose cache add [ 'grunt-contrib-htmlmin@~0.1.3', null ]
86 verbose cache add name=undefined spec="grunt-contrib-htmlmin@~0.1.3" args=["grunt-contrib-htmlmin@~0.1.3",null]
87 verbose parsed url { protocol: null,
87 verbose parsed url   slashes: null,
87 verbose parsed url   auth: null,
87 verbose parsed url   host: null,
87 verbose parsed url   port: null,
87 verbose parsed url   hostname: null,
87 verbose parsed url   hash: null,
87 verbose parsed url   search: null,
87 verbose parsed url   query: null,
87 verbose parsed url   pathname: 'grunt-contrib-htmlmin@~0.1.3',
87 verbose parsed url   path: 'grunt-contrib-htmlmin@~0.1.3',
87 verbose parsed url   href: 'grunt-contrib-htmlmin@~0.1.3' }
88 verbose cache add name="grunt-contrib-htmlmin" spec="~0.1.3" args=["grunt-contrib-htmlmin","~0.1.3"]
89 verbose parsed url { protocol: null,
89 verbose parsed url   slashes: null,
89 verbose parsed url   auth: null,
89 verbose parsed url   host: null,
89 verbose parsed url   port: null,
89 verbose parsed url   hostname: null,
89 verbose parsed url   hash: null,
89 verbose parsed url   search: null,
89 verbose parsed url   query: null,
89 verbose parsed url   pathname: '~0.1.3',
89 verbose parsed url   path: '~0.1.3',
89 verbose parsed url   href: '~0.1.3' }
90 verbose addNamed [ 'grunt-contrib-htmlmin', '~0.1.3' ]
91 verbose addNamed [ null, '>=0.1.3-0 <0.2.0-0' ]
92 silly lockFile 2f1223f9-grunt-contrib-htmlmin-0-1-3 grunt-contrib-htmlmin@~0.1.3
93 verbose lock grunt-contrib-htmlmin@~0.1.3 /home/irbis/.npm/2f1223f9-grunt-contrib-htmlmin-0-1-3.lock
94 silly lockFile 2cc6dac2-grunt-contrib-uglify-0-2-0 grunt-contrib-uglify@~0.2.0
95 verbose lock grunt-contrib-uglify@~0.2.0 /home/irbis/.npm/2cc6dac2-grunt-contrib-uglify-0-2-0.lock
96 silly lockFile 0e44e68e-grunt-contrib-concat-0-3-0 grunt-contrib-concat@~0.3.0
97 verbose lock grunt-contrib-concat@~0.3.0 /home/irbis/.npm/0e44e68e-grunt-contrib-concat-0-3-0.lock
98 silly lockFile 5f76fad9-grunt-contrib-compass-0-5-0 grunt-contrib-compass@~0.5.0
99 verbose lock grunt-contrib-compass@~0.5.0 /home/irbis/.npm/5f76fad9-grunt-contrib-compass-0-5-0.lock
100 silly lockFile 6f38214b-grunt-contrib-jshint-0-6-3 grunt-contrib-jshint@~0.6.3
101 verbose lock grunt-contrib-jshint@~0.6.3 /home/irbis/.npm/6f38214b-grunt-contrib-jshint-0-6-3.lock
102 verbose cache add [ 'grunt-bower-install@~0.5.0', null ]
103 verbose cache add name=undefined spec="grunt-bower-install@~0.5.0" args=["grunt-bower-install@~0.5.0",null]
104 verbose parsed url { protocol: null,
104 verbose parsed url   slashes: null,
104 verbose parsed url   auth: null,
104 verbose parsed url   host: null,
104 verbose parsed url   port: null,
104 verbose parsed url   hostname: null,
104 verbose parsed url   hash: null,
104 verbose parsed url   search: null,
104 verbose parsed url   query: null,
104 verbose parsed url   pathname: 'grunt-bower-install@~0.5.0',
104 verbose parsed url   path: 'grunt-bower-install@~0.5.0',
104 verbose parsed url   href: 'grunt-bower-install@~0.5.0' }
105 verbose cache add name="grunt-bower-install" spec="~0.5.0" args=["grunt-bower-install","~0.5.0"]
106 verbose parsed url { protocol: null,
106 verbose parsed url   slashes: null,
106 verbose parsed url   auth: null,
106 verbose parsed url   host: null,
106 verbose parsed url   port: null,
106 verbose parsed url   hostname: null,
106 verbose parsed url   hash: null,
106 verbose parsed url   search: null,
106 verbose parsed url   query: null,
106 verbose parsed url   pathname: '~0.5.0',
106 verbose parsed url   path: '~0.5.0',
106 verbose parsed url   href: '~0.5.0' }
107 verbose addNamed [ 'grunt-bower-install', '~0.5.0' ]
108 verbose addNamed [ null, '>=0.5.0-0 <0.6.0-0' ]
109 silly lockFile 8d804d1a-grunt-bower-install-0-5-0 grunt-bower-install@~0.5.0
110 verbose lock grunt-bower-install@~0.5.0 /home/irbis/.npm/8d804d1a-grunt-bower-install-0-5-0.lock
111 verbose cache add [ 'grunt-contrib-imagemin@~0.2.0', null ]
112 verbose cache add name=undefined spec="grunt-contrib-imagemin@~0.2.0" args=["grunt-contrib-imagemin@~0.2.0",null]
113 verbose parsed url { protocol: null,
113 verbose parsed url   slashes: null,
113 verbose parsed url   auth: null,
113 verbose parsed url   host: null,
113 verbose parsed url   port: null,
113 verbose parsed url   hostname: null,
113 verbose parsed url   hash: null,
113 verbose parsed url   search: null,
113 verbose parsed url   query: null,
113 verbose parsed url   pathname: 'grunt-contrib-imagemin@~0.2.0',
113 verbose parsed url   path: 'grunt-contrib-imagemin@~0.2.0',
113 verbose parsed url   href: 'grunt-contrib-imagemin@~0.2.0' }
114 verbose cache add name="grunt-contrib-imagemin" spec="~0.2.0" args=["grunt-contrib-imagemin","~0.2.0"]
115 verbose parsed url { protocol: null,
115 verbose parsed url   slashes: null,
115 verbose parsed url   auth: null,
115 verbose parsed url   host: null,
115 verbose parsed url   port: null,
115 verbose parsed url   hostname: null,
115 verbose parsed url   hash: null,
115 verbose parsed url   search: null,
115 verbose parsed url   query: null,
115 verbose parsed url   pathname: '~0.2.0',
115 verbose parsed url   path: '~0.2.0',
115 verbose parsed url   href: '~0.2.0' }
116 verbose addNamed [ 'grunt-contrib-imagemin', '~0.2.0' ]
117 verbose addNamed [ null, '>=0.2.0-0 <0.3.0-0' ]
118 silly lockFile 65f7368c-grunt-contrib-imagemin-0-2-0 grunt-contrib-imagemin@~0.2.0
119 verbose lock grunt-contrib-imagemin@~0.2.0 /home/irbis/.npm/65f7368c-grunt-contrib-imagemin-0-2-0.lock
120 verbose cache add [ 'grunt-contrib-watch@~0.5.2', null ]
121 verbose cache add name=undefined spec="grunt-contrib-watch@~0.5.2" args=["grunt-contrib-watch@~0.5.2",null]
122 verbose parsed url { protocol: null,
122 verbose parsed url   slashes: null,
122 verbose parsed url   auth: null,
122 verbose parsed url   host: null,
122 verbose parsed url   port: null,
122 verbose parsed url   hostname: null,
122 verbose parsed url   hash: null,
122 verbose parsed url   search: null,
122 verbose parsed url   query: null,
122 verbose parsed url   pathname: 'grunt-contrib-watch@~0.5.2',
122 verbose parsed url   path: 'grunt-contrib-watch@~0.5.2',
122 verbose parsed url   href: 'grunt-contrib-watch@~0.5.2' }
123 verbose cache add name="grunt-contrib-watch" spec="~0.5.2" args=["grunt-contrib-watch","~0.5.2"]
124 verbose parsed url { protocol: null,
124 verbose parsed url   slashes: null,
124 verbose parsed url   auth: null,
124 verbose parsed url   host: null,
124 verbose parsed url   port: null,
124 verbose parsed url   hostname: null,
124 verbose parsed url   hash: null,
124 verbose parsed url   search: null,
124 verbose parsed url   query: null,
124 verbose parsed url   pathname: '~0.5.2',
124 verbose parsed url   path: '~0.5.2',
124 verbose parsed url   href: '~0.5.2' }
125 verbose addNamed [ 'grunt-contrib-watch', '~0.5.2' ]
126 verbose addNamed [ null, '>=0.5.2-0 <0.6.0-0' ]
127 silly lockFile a6069a13-grunt-contrib-watch-0-5-2 grunt-contrib-watch@~0.5.2
128 verbose lock grunt-contrib-watch@~0.5.2 /home/irbis/.npm/a6069a13-grunt-contrib-watch-0-5-2.lock
129 silly addNameRange { name: 'grunt', range: '>=0.4.1-0 <0.5.0-0', hasData: false }
130 silly addNameRange { name: 'grunt-contrib-copy',
130 silly addNameRange   range: '>=0.4.1-0 <0.5.0-0',
130 silly addNameRange   hasData: false }
131 silly addNameRange { name: 'grunt-contrib-cssmin',
131 silly addNameRange   range: '>=0.6.0-0 <0.7.0-0',
131 silly addNameRange   hasData: false }
132 silly addNameRange { name: 'grunt-contrib-connect',
132 silly addNameRange   range: '>=0.5.0-0 <0.6.0-0',
132 silly addNameRange   hasData: false }
133 silly addNameRange { name: 'grunt-contrib-clean',
133 silly addNameRange   range: '>=0.5.0-0 <0.6.0-0',
133 silly addNameRange   hasData: false }
134 verbose cache add [ 'grunt-rev@~0.1.0', null ]
135 verbose cache add name=undefined spec="grunt-rev@~0.1.0" args=["grunt-rev@~0.1.0",null]
136 verbose parsed url { protocol: null,
136 verbose parsed url   slashes: null,
136 verbose parsed url   auth: null,
136 verbose parsed url   host: null,
136 verbose parsed url   port: null,
136 verbose parsed url   hostname: null,
136 verbose parsed url   hash: null,
136 verbose parsed url   search: null,
136 verbose parsed url   query: null,
136 verbose parsed url   pathname: 'grunt-rev@~0.1.0',
136 verbose parsed url   path: 'grunt-rev@~0.1.0',
136 verbose parsed url   href: 'grunt-rev@~0.1.0' }
137 verbose cache add name="grunt-rev" spec="~0.1.0" args=["grunt-rev","~0.1.0"]
138 verbose parsed url { protocol: null,
138 verbose parsed url   slashes: null,
138 verbose parsed url   auth: null,
138 verbose parsed url   host: null,
138 verbose parsed url   port: null,
138 verbose parsed url   hostname: null,
138 verbose parsed url   hash: null,
138 verbose parsed url   search: null,
138 verbose parsed url   query: null,
138 verbose parsed url   pathname: '~0.1.0',
138 verbose parsed url   path: '~0.1.0',
138 verbose parsed url   href: '~0.1.0' }
139 verbose addNamed [ 'grunt-rev', '~0.1.0' ]
140 verbose addNamed [ null, '>=0.1.0-0 <0.2.0-0' ]
141 silly lockFile a3a49760-grunt-rev-0-1-0 grunt-rev@~0.1.0
142 verbose lock grunt-rev@~0.1.0 /home/irbis/.npm/a3a49760-grunt-rev-0-1-0.lock
143 verbose cache add [ 'grunt-autoprefixer@~0.2.0', null ]
144 verbose cache add name=undefined spec="grunt-autoprefixer@~0.2.0" args=["grunt-autoprefixer@~0.2.0",null]
145 verbose parsed url { protocol: null,
145 verbose parsed url   slashes: null,
145 verbose parsed url   auth: null,
145 verbose parsed url   host: null,
145 verbose parsed url   port: null,
145 verbose parsed url   hostname: null,
145 verbose parsed url   hash: null,
145 verbose parsed url   search: null,
145 verbose parsed url   query: null,
145 verbose parsed url   pathname: 'grunt-autoprefixer@~0.2.0',
145 verbose parsed url   path: 'grunt-autoprefixer@~0.2.0',
145 verbose parsed url   href: 'grunt-autoprefixer@~0.2.0' }
146 verbose cache add name="grunt-autoprefixer" spec="~0.2.0" args=["grunt-autoprefixer","~0.2.0"]
147 verbose parsed url { protocol: null,
147 verbose parsed url   slashes: null,
147 verbose parsed url   auth: null,
147 verbose parsed url   host: null,
147 verbose parsed url   port: null,
147 verbose parsed url   hostname: null,
147 verbose parsed url   hash: null,
147 verbose parsed url   search: null,
147 verbose parsed url   query: null,
147 verbose parsed url   pathname: '~0.2.0',
147 verbose parsed url   path: '~0.2.0',
147 verbose parsed url   href: '~0.2.0' }
148 verbose addNamed [ 'grunt-autoprefixer', '~0.2.0' ]
149 verbose addNamed [ null, '>=0.2.0-0 <0.3.0-0' ]
150 silly lockFile 312b1bea-grunt-autoprefixer-0-2-0 grunt-autoprefixer@~0.2.0
151 verbose lock grunt-autoprefixer@~0.2.0 /home/irbis/.npm/312b1bea-grunt-autoprefixer-0-2-0.lock
152 verbose cache add [ 'grunt-usemin@~0.1.10', null ]
153 verbose cache add name=undefined spec="grunt-usemin@~0.1.10" args=["grunt-usemin@~0.1.10",null]
154 verbose parsed url { protocol: null,
154 verbose parsed url   slashes: null,
154 verbose parsed url   auth: null,
154 verbose parsed url   host: null,
154 verbose parsed url   port: null,
154 verbose parsed url   hostname: null,
154 verbose parsed url   hash: null,
154 verbose parsed url   search: null,
154 verbose parsed url   query: null,
154 verbose parsed url   pathname: 'grunt-usemin@~0.1.10',
154 verbose parsed url   path: 'grunt-usemin@~0.1.10',
154 verbose parsed url   href: 'grunt-usemin@~0.1.10' }
155 verbose cache add name="grunt-usemin" spec="~0.1.10" args=["grunt-usemin","~0.1.10"]
156 verbose parsed url { protocol: null,
156 verbose parsed url   slashes: null,
156 verbose parsed url   auth: null,
156 verbose parsed url   host: null,
156 verbose parsed url   port: null,
156 verbose parsed url   hostname: null,
156 verbose parsed url   hash: null,
156 verbose parsed url   search: null,
156 verbose parsed url   query: null,
156 verbose parsed url   pathname: '~0.1.10',
156 verbose parsed url   path: '~0.1.10',
156 verbose parsed url   href: '~0.1.10' }
157 verbose addNamed [ 'grunt-usemin', '~0.1.10' ]
158 verbose addNamed [ null, '>=0.1.10-0 <0.2.0-0' ]
159 silly lockFile 9870b616-grunt-usemin-0-1-10 grunt-usemin@~0.1.10
160 verbose lock grunt-usemin@~0.1.10 /home/irbis/.npm/9870b616-grunt-usemin-0-1-10.lock
161 verbose cache add [ 'grunt-mocha@~0.4.0', null ]
162 verbose cache add name=undefined spec="grunt-mocha@~0.4.0" args=["grunt-mocha@~0.4.0",null]
163 verbose parsed url { protocol: null,
163 verbose parsed url   slashes: null,
163 verbose parsed url   auth: null,
163 verbose parsed url   host: null,
163 verbose parsed url   port: null,
163 verbose parsed url   hostname: null,
163 verbose parsed url   hash: null,
163 verbose parsed url   search: null,
163 verbose parsed url   query: null,
163 verbose parsed url   pathname: 'grunt-mocha@~0.4.0',
163 verbose parsed url   path: 'grunt-mocha@~0.4.0',
163 verbose parsed url   href: 'grunt-mocha@~0.4.0' }
164 verbose cache add name="grunt-mocha" spec="~0.4.0" args=["grunt-mocha","~0.4.0"]
165 verbose parsed url { protocol: null,
165 verbose parsed url   slashes: null,
165 verbose parsed url   auth: null,
165 verbose parsed url   host: null,
165 verbose parsed url   port: null,
165 verbose parsed url   hostname: null,
165 verbose parsed url   hash: null,
165 verbose parsed url   search: null,
165 verbose parsed url   query: null,
165 verbose parsed url   pathname: '~0.4.0',
165 verbose parsed url   path: '~0.4.0',
165 verbose parsed url   href: '~0.4.0' }
166 verbose addNamed [ 'grunt-mocha', '~0.4.0' ]
167 verbose addNamed [ null, '>=0.4.0-0 <0.5.0-0' ]
168 silly lockFile 4854fb45-grunt-mocha-0-4-0 grunt-mocha@~0.4.0
169 verbose lock grunt-mocha@~0.4.0 /home/irbis/.npm/4854fb45-grunt-mocha-0-4-0.lock
170 verbose cache add [ 'grunt-svgmin@~0.2.0', null ]
171 verbose cache add name=undefined spec="grunt-svgmin@~0.2.0" args=["grunt-svgmin@~0.2.0",null]
172 verbose parsed url { protocol: null,
172 verbose parsed url   slashes: null,
172 verbose parsed url   auth: null,
172 verbose parsed url   host: null,
172 verbose parsed url   port: null,
172 verbose parsed url   hostname: null,
172 verbose parsed url   hash: null,
172 verbose parsed url   search: null,
172 verbose parsed url   query: null,
172 verbose parsed url   pathname: 'grunt-svgmin@~0.2.0',
172 verbose parsed url   path: 'grunt-svgmin@~0.2.0',
172 verbose parsed url   href: 'grunt-svgmin@~0.2.0' }
173 verbose cache add name="grunt-svgmin" spec="~0.2.0" args=["grunt-svgmin","~0.2.0"]
174 verbose parsed url { protocol: null,
174 verbose parsed url   slashes: null,
174 verbose parsed url   auth: null,
174 verbose parsed url   host: null,
174 verbose parsed url   port: null,
174 verbose parsed url   hostname: null,
174 verbose parsed url   hash: null,
174 verbose parsed url   search: null,
174 verbose parsed url   query: null,
174 verbose parsed url   pathname: '~0.2.0',
174 verbose parsed url   path: '~0.2.0',
174 verbose parsed url   href: '~0.2.0' }
175 verbose addNamed [ 'grunt-svgmin', '~0.2.0' ]
176 verbose addNamed [ null, '>=0.2.0-0 <0.3.0-0' ]
177 silly lockFile fefef466-grunt-svgmin-0-2-0 grunt-svgmin@~0.2.0
178 verbose lock grunt-svgmin@~0.2.0 /home/irbis/.npm/fefef466-grunt-svgmin-0-2-0.lock
179 verbose cache add [ 'grunt-concurrent@~0.3.0', null ]
180 verbose cache add name=undefined spec="grunt-concurrent@~0.3.0" args=["grunt-concurrent@~0.3.0",null]
181 verbose parsed url { protocol: null,
181 verbose parsed url   slashes: null,
181 verbose parsed url   auth: null,
181 verbose parsed url   host: null,
181 verbose parsed url   port: null,
181 verbose parsed url   hostname: null,
181 verbose parsed url   hash: null,
181 verbose parsed url   search: null,
181 verbose parsed url   query: null,
181 verbose parsed url   pathname: 'grunt-concurrent@~0.3.0',
181 verbose parsed url   path: 'grunt-concurrent@~0.3.0',
181 verbose parsed url   href: 'grunt-concurrent@~0.3.0' }
182 verbose cache add name="grunt-concurrent" spec="~0.3.0" args=["grunt-concurrent","~0.3.0"]
183 verbose parsed url { protocol: null,
183 verbose parsed url   slashes: null,
183 verbose parsed url   auth: null,
183 verbose parsed url   host: null,
183 verbose parsed url   port: null,
183 verbose parsed url   hostname: null,
183 verbose parsed url   hash: null,
183 verbose parsed url   search: null,
183 verbose parsed url   query: null,
183 verbose parsed url   pathname: '~0.3.0',
183 verbose parsed url   path: '~0.3.0',
183 verbose parsed url   href: '~0.3.0' }
184 verbose addNamed [ 'grunt-concurrent', '~0.3.0' ]
185 verbose addNamed [ null, '>=0.3.0-0 <0.4.0-0' ]
186 silly lockFile 339cc45a-grunt-concurrent-0-3-0 grunt-concurrent@~0.3.0
187 verbose lock grunt-concurrent@~0.3.0 /home/irbis/.npm/339cc45a-grunt-concurrent-0-3-0.lock
188 verbose cache add [ 'load-grunt-tasks@~0.1.0', null ]
189 verbose cache add name=undefined spec="load-grunt-tasks@~0.1.0" args=["load-grunt-tasks@~0.1.0",null]
190 verbose parsed url { protocol: null,
190 verbose parsed url   slashes: null,
190 verbose parsed url   auth: null,
190 verbose parsed url   host: null,
190 verbose parsed url   port: null,
190 verbose parsed url   hostname: null,
190 verbose parsed url   hash: null,
190 verbose parsed url   search: null,
190 verbose parsed url   query: null,
190 verbose parsed url   pathname: 'load-grunt-tasks@~0.1.0',
190 verbose parsed url   path: 'load-grunt-tasks@~0.1.0',
190 verbose parsed url   href: 'load-grunt-tasks@~0.1.0' }
191 verbose cache add name="load-grunt-tasks" spec="~0.1.0" args=["load-grunt-tasks","~0.1.0"]
192 verbose parsed url { protocol: null,
192 verbose parsed url   slashes: null,
192 verbose parsed url   auth: null,
192 verbose parsed url   host: null,
192 verbose parsed url   port: null,
192 verbose parsed url   hostname: null,
192 verbose parsed url   hash: null,
192 verbose parsed url   search: null,
192 verbose parsed url   query: null,
192 verbose parsed url   pathname: '~0.1.0',
192 verbose parsed url   path: '~0.1.0',
192 verbose parsed url   href: '~0.1.0' }
193 verbose addNamed [ 'load-grunt-tasks', '~0.1.0' ]
194 verbose addNamed [ null, '>=0.1.0-0 <0.2.0-0' ]
195 silly lockFile b165efd2-load-grunt-tasks-0-1-0 load-grunt-tasks@~0.1.0
196 verbose lock load-grunt-tasks@~0.1.0 /home/irbis/.npm/b165efd2-load-grunt-tasks-0-1-0.lock
197 verbose cache add [ 'time-grunt@~0.1.1', null ]
198 verbose cache add name=undefined spec="time-grunt@~0.1.1" args=["time-grunt@~0.1.1",null]
199 verbose parsed url { protocol: null,
199 verbose parsed url   slashes: null,
199 verbose parsed url   auth: null,
199 verbose parsed url   host: null,
199 verbose parsed url   port: null,
199 verbose parsed url   hostname: null,
199 verbose parsed url   hash: null,
199 verbose parsed url   search: null,
199 verbose parsed url   query: null,
199 verbose parsed url   pathname: 'time-grunt@~0.1.1',
199 verbose parsed url   path: 'time-grunt@~0.1.1',
199 verbose parsed url   href: 'time-grunt@~0.1.1' }
200 verbose cache add name="time-grunt" spec="~0.1.1" args=["time-grunt","~0.1.1"]
201 verbose parsed url { protocol: null,
201 verbose parsed url   slashes: null,
201 verbose parsed url   auth: null,
201 verbose parsed url   host: null,
201 verbose parsed url   port: null,
201 verbose parsed url   hostname: null,
201 verbose parsed url   hash: null,
201 verbose parsed url   search: null,
201 verbose parsed url   query: null,
201 verbose parsed url   pathname: '~0.1.1',
201 verbose parsed url   path: '~0.1.1',
201 verbose parsed url   href: '~0.1.1' }
202 verbose addNamed [ 'time-grunt', '~0.1.1' ]
203 verbose addNamed [ null, '>=0.1.1-0 <0.2.0-0' ]
204 silly lockFile e8d3c500-time-grunt-0-1-1 time-grunt@~0.1.1
205 verbose lock time-grunt@~0.1.1 /home/irbis/.npm/e8d3c500-time-grunt-0-1-1.lock
206 silly addNameRange { name: 'grunt-contrib-htmlmin',
206 silly addNameRange   range: '>=0.1.3-0 <0.2.0-0',
206 silly addNameRange   hasData: false }
207 silly addNameRange { name: 'grunt-contrib-uglify',
207 silly addNameRange   range: '>=0.2.0-0 <0.3.0-0',
207 silly addNameRange   hasData: false }
208 silly addNameRange { name: 'grunt-contrib-concat',
208 silly addNameRange   range: '>=0.3.0-0 <0.4.0-0',
208 silly addNameRange   hasData: false }
209 silly addNameRange { name: 'grunt-contrib-compass',
209 silly addNameRange   range: '>=0.5.0-0 <0.6.0-0',
209 silly addNameRange   hasData: false }
210 silly addNameRange { name: 'grunt-contrib-jshint',
210 silly addNameRange   range: '>=0.6.3-0 <0.7.0-0',
210 silly addNameRange   hasData: false }
211 silly addNameRange { name: 'grunt-bower-install',
211 silly addNameRange   range: '>=0.5.0-0 <0.6.0-0',
211 silly addNameRange   hasData: false }
212 silly addNameRange { name: 'grunt-contrib-imagemin',
212 silly addNameRange   range: '>=0.2.0-0 <0.3.0-0',
212 silly addNameRange   hasData: false }
213 silly addNameRange { name: 'grunt-contrib-watch',
213 silly addNameRange   range: '>=0.5.2-0 <0.6.0-0',
213 silly addNameRange   hasData: false }
214 silly addNameRange { name: 'grunt-rev',
214 silly addNameRange   range: '>=0.1.0-0 <0.2.0-0',
214 silly addNameRange   hasData: false }
215 silly addNameRange { name: 'grunt-autoprefixer',
215 silly addNameRange   range: '>=0.2.0-0 <0.3.0-0',
215 silly addNameRange   hasData: false }
216 silly addNameRange { name: 'grunt-usemin',
216 silly addNameRange   range: '>=0.1.10-0 <0.2.0-0',
216 silly addNameRange   hasData: false }
217 silly addNameRange { name: 'grunt-mocha',
217 silly addNameRange   range: '>=0.4.0-0 <0.5.0-0',
217 silly addNameRange   hasData: false }
218 silly addNameRange { name: 'grunt-svgmin',
218 silly addNameRange   range: '>=0.2.0-0 <0.3.0-0',
218 silly addNameRange   hasData: false }
219 silly addNameRange { name: 'grunt-concurrent',
219 silly addNameRange   range: '>=0.3.0-0 <0.4.0-0',
219 silly addNameRange   hasData: false }
220 silly addNameRange { name: 'load-grunt-tasks',
220 silly addNameRange   range: '>=0.1.0-0 <0.2.0-0',
220 silly addNameRange   hasData: false }
221 silly addNameRange { name: 'time-grunt',
221 silly addNameRange   range: '>=0.1.1-0 <0.2.0-0',
221 silly addNameRange   hasData: false }
222 verbose url raw grunt-contrib-copy
223 verbose url resolving [ 'https://registry.npmjs.org/', './grunt-contrib-copy' ]
224 verbose url resolved https://registry.npmjs.org/grunt-contrib-copy
225 info trying registry request attempt 1 at 11:31:52
226 verbose etag "O5TILD718JALFGOGBIA6LAB1"
227 http GET https://registry.npmjs.org/grunt-contrib-copy
228 verbose url raw grunt
229 verbose url resolving [ 'https://registry.npmjs.org/', './grunt' ]
230 verbose url resolved https://registry.npmjs.org/grunt
231 info trying registry request attempt 1 at 11:31:52
232 verbose etag "B7RVWZHZ6UB5OWEZE6PM00A9F"
233 http GET https://registry.npmjs.org/grunt
234 verbose url raw grunt-contrib-cssmin
235 verbose url resolving [ 'https://registry.npmjs.org/', './grunt-contrib-cssmin' ]
236 verbose url resolved https://registry.npmjs.org/grunt-contrib-cssmin
237 info trying registry request attempt 1 at 11:31:52
238 verbose etag "D939KDHZYCVULYND5PIM8KLUE"
239 http GET https://registry.npmjs.org/grunt-contrib-cssmin
240 verbose url raw grunt-contrib-connect
241 verbose url resolving [ 'https://registry.npmjs.org/', './grunt-contrib-connect' ]
242 verbose url resolved https://registry.npmjs.org/grunt-contrib-connect
243 info trying registry request attempt 1 at 11:31:52
244 verbose etag "50NTEBO70LWH8L4KN7BSMMYRL"
245 http GET https://registry.npmjs.org/grunt-contrib-connect
246 verbose url raw grunt-contrib-clean
247 verbose url resolving [ 'https://registry.npmjs.org/', './grunt-contrib-clean' ]
248 verbose url resolved https://registry.npmjs.org/grunt-contrib-clean
249 info trying registry request attempt 1 at 11:31:52
250 verbose etag "6KUGO55NVR6DEOUSLXDMA057B"
251 http GET https://registry.npmjs.org/grunt-contrib-clean
252 verbose url raw grunt-contrib-htmlmin
253 verbose url resolving [ 'https://registry.npmjs.org/', './grunt-contrib-htmlmin' ]
254 verbose url resolved https://registry.npmjs.org/grunt-contrib-htmlmin
255 info trying registry request attempt 1 at 11:31:52
256 verbose etag "49F7HVK5L47YRE0S92JXER1VR"
257 http GET https://registry.npmjs.org/grunt-contrib-htmlmin
258 verbose url raw grunt-contrib-uglify
259 verbose url resolving [ 'https://registry.npmjs.org/', './grunt-contrib-uglify' ]
260 verbose url resolved https://registry.npmjs.org/grunt-contrib-uglify
261 info trying registry request attempt 1 at 11:31:52
262 verbose etag "DAUV4YH0302VSLOIGBMQ9UAYK"
263 http GET https://registry.npmjs.org/grunt-contrib-uglify
264 verbose url raw grunt-contrib-compass
265 verbose url resolving [ 'https://registry.npmjs.org/', './grunt-contrib-compass' ]
266 verbose url resolved https://registry.npmjs.org/grunt-contrib-compass
267 info trying registry request attempt 1 at 11:31:52
268 verbose etag "6RNCCJIKA79GPOF4EYIDSKRJS"
269 http GET https://registry.npmjs.org/grunt-contrib-compass
270 verbose url raw grunt-contrib-jshint
271 verbose url resolving [ 'https://registry.npmjs.org/', './grunt-contrib-jshint' ]
272 verbose url resolved https://registry.npmjs.org/grunt-contrib-jshint
273 info trying registry request attempt 1 at 11:31:54
274 verbose etag "2UZ6TILOHPRCQ2LG86FG5MHII"
275 http GET https://registry.npmjs.org/grunt-contrib-jshint
276 verbose url raw grunt-contrib-concat
277 verbose url resolving [ 'https://registry.npmjs.org/', './grunt-contrib-concat' ]
278 verbose url resolved https://registry.npmjs.org/grunt-contrib-concat
279 info trying registry request attempt 1 at 11:31:54
280 verbose etag "C47O1YATV81DIGHN0WAP1UHGC"
281 http GET https://registry.npmjs.org/grunt-contrib-concat
282 verbose url raw grunt-bower-install
283 verbose url resolving [ 'https://registry.npmjs.org/', './grunt-bower-install' ]
284 verbose url resolved https://registry.npmjs.org/grunt-bower-install
285 info trying registry request attempt 1 at 11:31:54
286 verbose etag "79Y3WR44D54JSI92YG97OST4L"
287 http GET https://registry.npmjs.org/grunt-bower-install
288 verbose url raw grunt-contrib-imagemin
289 verbose url resolving [ 'https://registry.npmjs.org/', './grunt-contrib-imagemin' ]
290 verbose url resolved https://registry.npmjs.org/grunt-contrib-imagemin
291 info trying registry request attempt 1 at 11:31:54
292 verbose etag "6C3JXCBM1VPD7F1NIMXTC8RIE"
293 http GET https://registry.npmjs.org/grunt-contrib-imagemin
294 verbose url raw grunt-contrib-watch
295 verbose url resolving [ 'https://registry.npmjs.org/', './grunt-contrib-watch' ]
296 verbose url resolved https://registry.npmjs.org/grunt-contrib-watch
297 info trying registry request attempt 1 at 11:31:54
298 verbose etag "C9G2A6DJPJRUYBELVL0Y4E595"
299 http GET https://registry.npmjs.org/grunt-contrib-watch
300 verbose url raw grunt-rev
301 verbose url resolving [ 'https://registry.npmjs.org/', './grunt-rev' ]
302 verbose url resolved https://registry.npmjs.org/grunt-rev
303 info trying registry request attempt 1 at 11:31:54
304 verbose etag "EXTI0HNZMLRFMTUL8QV2WOYIT"
305 http GET https://registry.npmjs.org/grunt-rev
306 verbose url raw grunt-autoprefixer
307 verbose url resolving [ 'https://registry.npmjs.org/', './grunt-autoprefixer' ]
308 verbose url resolved https://registry.npmjs.org/grunt-autoprefixer
309 info trying registry request attempt 1 at 11:31:54
310 verbose etag "5FGGM6DKIQGRISQX2O67XOK73"
311 http GET https://registry.npmjs.org/grunt-autoprefixer
312 verbose url raw grunt-usemin
313 verbose url resolving [ 'https://registry.npmjs.org/', './grunt-usemin' ]
314 verbose url resolved https://registry.npmjs.org/grunt-usemin
315 info trying registry request attempt 1 at 11:31:54
316 verbose etag "D2LZZA5GRFCR4NFNIZIV6VSGD"
317 http GET https://registry.npmjs.org/grunt-usemin
318 verbose url raw grunt-mocha
319 verbose url resolving [ 'https://registry.npmjs.org/', './grunt-mocha' ]
320 verbose url resolved https://registry.npmjs.org/grunt-mocha
321 info trying registry request attempt 1 at 11:31:54
322 verbose etag "41W3ALATVMHCVUPOZE0ISNG6R"
323 http GET https://registry.npmjs.org/grunt-mocha
324 verbose url raw grunt-svgmin
325 verbose url resolving [ 'https://registry.npmjs.org/', './grunt-svgmin' ]
326 verbose url resolved https://registry.npmjs.org/grunt-svgmin
327 info trying registry request attempt 1 at 11:31:54
328 verbose etag "DS0E7LZ6JJUNWAL8DVTX4YMC6"
329 http GET https://registry.npmjs.org/grunt-svgmin
330 verbose url raw grunt-concurrent
331 verbose url resolving [ 'https://registry.npmjs.org/', './grunt-concurrent' ]
332 verbose url resolved https://registry.npmjs.org/grunt-concurrent
333 info trying registry request attempt 1 at 11:31:54
334 verbose etag "IH2A25M7FOWWD808L1KYISTA"
335 http GET https://registry.npmjs.org/grunt-concurrent
336 verbose url raw load-grunt-tasks
337 verbose url resolving [ 'https://registry.npmjs.org/', './load-grunt-tasks' ]
338 verbose url resolved https://registry.npmjs.org/load-grunt-tasks
339 info trying registry request attempt 1 at 11:31:54
340 verbose etag "2JWA5U6QE9IER8AQF1DOE8FNV"
341 http GET https://registry.npmjs.org/load-grunt-tasks
342 verbose url raw time-grunt
343 verbose url resolving [ 'https://registry.npmjs.org/', './time-grunt' ]
344 verbose url resolved https://registry.npmjs.org/time-grunt
345 info trying registry request attempt 1 at 11:31:54
346 verbose etag "8LOJBTO6TAPN4HEZP22GQONQ6"
347 http GET https://registry.npmjs.org/time-grunt
348 http 304 https://registry.npmjs.org/grunt-contrib-cssmin
349 silly registry.get cb [ 304,
349 silly registry.get   { server: 'CouchDB/1.3.1 (Erlang OTP/R15B03)',
349 silly registry.get     etag: '"D939KDHZYCVULYND5PIM8KLUE"',
349 silly registry.get     date: 'Fri, 27 Sep 2013 08:32:01 GMT',
349 silly registry.get     'content-length': '0' } ]
350 verbose etag grunt-contrib-cssmin from cache
351 silly addNameRange number 2 { name: 'grunt-contrib-cssmin',
351 silly addNameRange   range: '>=0.6.0-0 <0.7.0-0',
351 silly addNameRange   hasData: true }
352 silly addNameRange versions [ 'grunt-contrib-cssmin',
352 silly addNameRange   [ '0.4.0', '0.4.1', '0.4.2', '0.5.0', '0.6.0', '0.6.1', '0.6.2' ] ]
353 verbose addNamed [ 'grunt-contrib-cssmin', '0.6.2' ]
354 verbose addNamed [ '0.6.2', '0.6.2' ]
355 silly lockFile 5585f5d7-grunt-contrib-cssmin-0-6-2 grunt-contrib-cssmin@0.6.2
356 verbose lock grunt-contrib-cssmin@0.6.2 /home/irbis/.npm/5585f5d7-grunt-contrib-cssmin-0-6-2.lock
357 silly lockFile ed91afc7-n-grunt-contrib-cssmin-0-6-2-tgz https://registry.npmjs.org/grunt-contrib-cssmin/-/grunt-contrib-cssmin-0.6.2.tgz
358 verbose lock https://registry.npmjs.org/grunt-contrib-cssmin/-/grunt-contrib-cssmin-0.6.2.tgz /home/irbis/.npm/ed91afc7-n-grunt-contrib-cssmin-0-6-2-tgz.lock
359 verbose addRemoteTarball [ 'https://registry.npmjs.org/grunt-contrib-cssmin/-/grunt-contrib-cssmin-0.6.2.tgz',
359 verbose addRemoteTarball   '2804dc0e81f98e8a54d61eee84a1d3fe1a3af8e2' ]
360 silly lockFile ed91afc7-n-grunt-contrib-cssmin-0-6-2-tgz https://registry.npmjs.org/grunt-contrib-cssmin/-/grunt-contrib-cssmin-0.6.2.tgz
361 silly lockFile ed91afc7-n-grunt-contrib-cssmin-0-6-2-tgz https://registry.npmjs.org/grunt-contrib-cssmin/-/grunt-contrib-cssmin-0.6.2.tgz
362 silly lockFile 5585f5d7-grunt-contrib-cssmin-0-6-2 grunt-contrib-cssmin@0.6.2
363 silly lockFile 5585f5d7-grunt-contrib-cssmin-0-6-2 grunt-contrib-cssmin@0.6.2
364 silly lockFile 681ad0ec-grunt-contrib-cssmin-0-6-0 grunt-contrib-cssmin@~0.6.0
365 silly lockFile 681ad0ec-grunt-contrib-cssmin-0-6-0 grunt-contrib-cssmin@~0.6.0
366 error Error: EACCES, mkdir '/home/irbis/tmp/npm-25338-sD0EP8EX'
366 error  { [Error: EACCES, mkdir '/home/irbis/tmp/npm-25338-sD0EP8EX']
366 error   errno: 3,
366 error   code: 'EACCES',
366 error   path: '/home/irbis/tmp/npm-25338-sD0EP8EX' }
367 error Please try running this command again as root/Administrator.
368 error System Linux 3.2.0-53-generic
369 error command "node" "/usr/bin/npm" "install"
370 error cwd /home/irbis/app/testOct
371 error node -v v0.10.15
372 error npm -v 1.3.5
373 error path /home/irbis/tmp/npm-25338-sD0EP8EX
374 error code EACCES
375 error errno 3
376 error stack Error: EACCES, mkdir '/home/irbis/tmp/npm-25338-sD0EP8EX'
377 verbose exit [ 3, true ]
